<?xml version="1.0" encoding="UTF-8"?>
<testng-results ignored="0" total="1" passed="1" failed="0" skipped="0">
  <reporter-output>
  </reporter-output>
  <suite started-at="2021-10-11T12:20:13 IST" name="Default suite" finished-at="2021-10-11T12:20:40 IST" duration-ms="26682">
    <groups>
    </groups>
    <test started-at="2021-10-11T12:20:13 IST" name="Default test" finished-at="2021-10-11T12:20:40 IST" duration-ms="26682">
      <class name="com.selenium.individual.SeleniumIndividualSwag">
        <test-method signature="Individual()[pri:0, instance:com.selenium.individual.SeleniumIndividualSwag@ea6147e]" started-at="2021-10-11T12:20:13 IST" name="Individual" finished-at="2021-10-11T12:20:40 IST" duration-ms="26626" status="PASS">
          <reporter-output>
          </reporter-output>
        </test-method> <!-- Individual -->
      </class> <!-- com.selenium.individual.SeleniumIndividualSwag -->
    </test> <!-- Default test -->
  </suite> <!-- Default suite -->
</testng-results>
